{
  "stats": {
    "suites": 3,
    "tests": 3,
    "passes": 3,
    "pending": 0,
    "failures": 0,
    "start": "2021-07-08T04:44:29.650Z",
    "end": "2021-07-08T04:44:46.439Z",
    "duration": 16789,
    "testsRegistered": 3,
    "passPercent": 100,
    "pendingPercent": 0,
    "other": 0,
    "hasOther": false,
    "skipped": 0,
    "hasSkipped": false
  },
  "results": [
    {
      "uuid": "2eca8e45-4a83-428b-9476-8df6e6df6054",
      "title": "",
      "fullFile": "cypress/integration/Practise/input.js",
      "file": "cypress/integration/Practise/input.js",
      "beforeHooks": [],
      "afterHooks": [],
      "tests": [],
      "suites": [
        {
          "uuid": "59e0f797-94f1-48c2-b30b-5f316da892f2",
          "title": "herokuValidation",
          "fullFile": "",
          "file": "",
          "beforeHooks": [],
          "afterHooks": [],
          "tests": [],
          "suites": [
            {
              "uuid": "576f5fa8-0112-4e5b-bee8-17802c892d12",
              "title": "Herokuapp home page",
              "fullFile": "",
              "file": "",
              "beforeHooks": [],
              "afterHooks": [],
              "tests": [
                {
                  "title": "contains header",
                  "fullTitle": "herokuValidation Herokuapp home page contains header",
                  "timedOut": null,
                  "duration": 3945,
                  "state": "passed",
                  "speed": "slow",
                  "pass": true,
                  "fail": false,
                  "pending": false,
                  "context": null,
                  "code": "cy.contains('Welcome to the-internet');",
                  "err": {},
                  "uuid": "f01a5d76-3988-4b11-ae5b-e950f51d04a3",
                  "parentUUID": "576f5fa8-0112-4e5b-bee8-17802c892d12",
                  "isHook": false,
                  "skipped": false
                },
                {
                  "title": "contains sub-header",
                  "fullTitle": "herokuValidation Herokuapp home page contains sub-header",
                  "timedOut": null,
                  "duration": 2331,
                  "state": "passed",
                  "speed": "slow",
                  "pass": true,
                  "fail": false,
                  "pending": false,
                  "context": null,
                  "code": "cy.contains('Available Examples');",
                  "err": {},
                  "uuid": "3f5965bb-9ffa-43c7-81dd-589179a24fcd",
                  "parentUUID": "576f5fa8-0112-4e5b-bee8-17802c892d12",
                  "isHook": false,
                  "skipped": false
                }
              ],
              "suites": [
                {
                  "uuid": "33d14608-921e-4d15-85e4-3346b86384b3",
                  "title": "Navigate to Inputs page",
                  "fullFile": "",
                  "file": "",
                  "beforeHooks": [],
                  "afterHooks": [],
                  "tests": [
                    {
                      "title": "Enter values into the input field",
                      "fullTitle": "herokuValidation Herokuapp home page Navigate to Inputs page Enter values into the input field",
                      "timedOut": null,
                      "duration": 9052,
                      "state": "passed",
                      "speed": "slow",
                      "pass": true,
                      "fail": false,
                      "pending": false,
                      "context": null,
                      "code": "cy.get('input').type('123456789');\ncy.wait(4000);",
                      "err": {},
                      "uuid": "14848cb1-045e-464c-91ca-3795fc0d1dfb",
                      "parentUUID": "33d14608-921e-4d15-85e4-3346b86384b3",
                      "isHook": false,
                      "skipped": false
                    }
                  ],
                  "suites": [],
                  "passes": [
                    "14848cb1-045e-464c-91ca-3795fc0d1dfb"
                  ],
                  "failures": [],
                  "pending": [],
                  "skipped": [],
                  "duration": 9052,
                  "root": false,
                  "rootEmpty": false,
                  "_timeout": 2000
                }
              ],
              "passes": [
                "f01a5d76-3988-4b11-ae5b-e950f51d04a3",
                "3f5965bb-9ffa-43c7-81dd-589179a24fcd"
              ],
              "failures": [],
              "pending": [],
              "skipped": [],
              "duration": 6276,
              "root": false,
              "rootEmpty": false,
              "_timeout": 2000
            }
          ],
          "passes": [],
          "failures": [],
          "pending": [],
          "skipped": [],
          "duration": 0,
          "root": false,
          "rootEmpty": false,
          "_timeout": 2000
        }
      ],
      "passes": [],
      "failures": [],
      "pending": [],
      "skipped": [],
      "duration": 0,
      "root": true,
      "rootEmpty": true,
      "_timeout": 2000
    }
  ],
  "meta": {
    "mocha": {
      "version": "7.0.1"
    },
    "mochawesome": {
      "options": {
        "quiet": false,
        "reportFilename": "mochawesome",
        "saveHtml": false,
        "saveJson": true,
        "consoleReporter": "spec",
        "useInlineDiffs": false,
        "code": true
      },
      "version": "6.2.2"
    },
    "marge": {
      "options": {
        "overwrite": false,
        "html": false,
        "json": true
      },
      "version": "5.2.0"
    }
  }
}